[01m[K/home/rony/Documents/inmind/Session09/ros2_ws/src/session_09/src/driver_node.cpp:[m[K In constructor â€˜[01m[KRobotDriver::RobotDriver()[m[Kâ€™:
[01m[K/home/rony/Documents/inmind/Session09/ros2_ws/src/session_09/src/driver_node.cpp:12:9:[m[K [01;31m[Kerror: [m[Kâ€˜[01m[Kclient_[m[Kâ€™ was not declared in this scope
   12 |         [01;31m[Kclient_[m[K = this->create_client<turtle_controller_interfaces::srv::FindClosestWall>("find_closest_wall");
      |         [01;31m[K^~~~~~~[m[K
[01m[K/home/rony/Documents/inmind/Session09/ros2_ws/src/session_09/src/driver_node.cpp:14:43:[m[K [01;31m[Kerror: [m[Kunable to find numeric literal operator â€˜[01m[Koperator""s[m[Kâ€™
   14 |         while (!client_->wait_for_service([01;31m[K1s[m[K)) {
      |                                           [01;31m[K^~[m[K
gmake[2]: *** [CMakeFiles/driver.dir/build.make:76: CMakeFiles/driver.dir/src/driver_node.cpp.o] Error 1
gmake[1]: *** [CMakeFiles/Makefile2:143: CMakeFiles/driver.dir/all] Error 2
gmake: *** [Makefile:146: all] Error 2
