[0.015s] Invoking command in '/home/rony/Documents/inmind/Session09/ros2_ws/src/build/session_09': CMAKE_PREFIX_PATH=/home/rony/Documents/inmind/Session09/ros2_ws/src/install/turtle_controller_interfaces:/home/rony/Documents/inmind/Session09/ros2_ws/src/install/session_09:/opt/ros/humble /usr/bin/cmake --build /home/rony/Documents/inmind/Session09/ros2_ws/src/build/session_09 -- -j8 -l8
[0.052s] -- Found ament_cmake: 1.3.9 (/opt/ros/humble/share/ament_cmake/cmake)
[0.303s] -- Found rclcpp: 16.0.9 (/opt/ros/humble/share/rclcpp/cmake)
[0.361s] -- Found rosidl_generator_c: 3.1.5 (/opt/ros/humble/share/rosidl_generator_c/cmake)
[0.365s] -- Found rosidl_adapter: 3.1.5 (/opt/ros/humble/share/rosidl_adapter/cmake)
[0.377s] -- Found rosidl_generator_cpp: 3.1.5 (/opt/ros/humble/share/rosidl_generator_cpp/cmake)
[0.401s] -- Using all available rosidl_typesupport_c: rosidl_typesupport_fastrtps_c;rosidl_typesupport_introspection_c
[0.432s] -- Using all available rosidl_typesupport_cpp: rosidl_typesupport_fastrtps_cpp;rosidl_typesupport_introspection_cpp
[0.509s] -- Found rmw_implementation_cmake: 6.1.2 (/opt/ros/humble/share/rmw_implementation_cmake/cmake)
[0.512s] -- Found rmw_fastrtps_cpp: 6.2.6 (/opt/ros/humble/share/rmw_fastrtps_cpp/cmake)
[0.674s] -- Using RMW implementation 'rmw_fastrtps_cpp' as default
[0.860s] -- Found rclcpp_action: 16.0.9 (/opt/ros/humble/share/rclcpp_action/cmake)
[0.971s] -- Found nav_msgs: 4.2.4 (/opt/ros/humble/share/nav_msgs/cmake)
[1.111s] -- Found sensor_msgs: 4.2.4 (/opt/ros/humble/share/sensor_msgs/cmake)
[1.185s] -- Found turtle_controller_interfaces: 0.0.0 (/home/rony/Documents/inmind/Session09/ros2_ws/src/install/turtle_controller_interfaces/share/turtle_controller_interfaces/cmake)
[1.291s] -- Configuring done
[1.313s] -- Generating done
[1.315s] -- Build files have been written to: /home/rony/Documents/inmind/Session09/ros2_ws/src/build/session_09
[1.342s] [35m[1mConsolidate compiler generated dependencies of target lap_timer_client[0m
[1.343s] [35m[1mConsolidate compiler generated dependencies of target lap_timer_server[0m
[1.344s] [35m[1mConsolidate compiler generated dependencies of target driver[0m
[1.345s] [35m[1mConsolidate compiler generated dependencies of target wall_finder_service[0m
[1.363s] [ 37%] Built target lap_timer_client
[1.363s] [ 37%] [32mBuilding CXX object CMakeFiles/driver.dir/src/driver_node.cpp.o[0m
[1.365s] [ 62%] Built target wall_finder_service
[1.366s] [ 87%] Built target lap_timer_server
[3.557s] [01m[K/home/rony/Documents/inmind/Session09/ros2_ws/src/session_09/src/driver_node.cpp:[m[K In constructor â€˜[01m[KRobotDriver::RobotDriver()[m[Kâ€™:
[3.558s] [01m[K/home/rony/Documents/inmind/Session09/ros2_ws/src/session_09/src/driver_node.cpp:12:9:[m[K [01;31m[Kerror: [m[Kâ€˜[01m[Kclient_[m[Kâ€™ was not declared in this scope
[3.558s]    12 |         [01;31m[Kclient_[m[K = this->create_client<turtle_controller_interfaces::srv::FindClosestWall>("find_closest_wall");
[3.558s]       |         [01;31m[K^~~~~~~[m[K
[3.560s] [01m[K/home/rony/Documents/inmind/Session09/ros2_ws/src/session_09/src/driver_node.cpp:14:43:[m[K [01;31m[Kerror: [m[Kunable to find numeric literal operator â€˜[01m[Koperator""s[m[Kâ€™
[3.560s]    14 |         while (!client_->wait_for_service([01;31m[K1s[m[K)) {
[3.560s]       |                                           [01;31m[K^~[m[K
[5.936s] gmake[2]: *** [CMakeFiles/driver.dir/build.make:76: CMakeFiles/driver.dir/src/driver_node.cpp.o] Error 1
[5.936s] gmake[1]: *** [CMakeFiles/Makefile2:143: CMakeFiles/driver.dir/all] Error 2
[5.936s] gmake: *** [Makefile:146: all] Error 2
[5.938s] Invoked command in '/home/rony/Documents/inmind/Session09/ros2_ws/src/build/session_09' returned '2': CMAKE_PREFIX_PATH=/home/rony/Documents/inmind/Session09/ros2_ws/src/install/turtle_controller_interfaces:/home/rony/Documents/inmind/Session09/ros2_ws/src/install/session_09:/opt/ros/humble /usr/bin/cmake --build /home/rony/Documents/inmind/Session09/ros2_ws/src/build/session_09 -- -j8 -l8
