[ 50%] Built target lap_timer_server
[ 50%] Built target lap_timer_client
[ 87%] Built target wall_finder_service
[ 87%] [32mBuilding CXX object CMakeFiles/driver.dir/src/driver_node.cpp.o[0m
[01m[K/home/rony/Documents/inmind/Session09/ros2_ws/src/session_09/src/driver_node.cpp:1:10:[m[K [01;31m[Kfatal error: [m[Kdriver_node.hpp: No such file or directory
    1 | #include [01;31m[K"driver_node.hpp"[m[K
      |          [01;31m[K^~~~~~~~~~~~~~~~~[m[K
compilation terminated.
gmake[2]: *** [CMakeFiles/driver.dir/build.make:76: CMakeFiles/driver.dir/src/driver_node.cpp.o] Error 1
gmake[1]: *** [CMakeFiles/Makefile2:143: CMakeFiles/driver.dir/all] Error 2
gmake: *** [Makefile:146: all] Error 2
