[0.007s] Invoking command in '/home/rony/Documents/inmind/Session09/ros2_ws/src/build/session_09': CMAKE_PREFIX_PATH=${CMAKE_PREFIX_PATH}:/opt/ros/humble /usr/bin/cmake --build /home/rony/Documents/inmind/Session09/ros2_ws/src/build/session_09 -- -j8 -l8
[0.045s] [35m[1mConsolidate compiler generated dependencies of target lap_timer_client[0m
[0.056s] [ 33%] Built target lap_timer_server
[0.057s] [ 66%] Built target driver
[0.061s] [ 83%] [32mBuilding CXX object CMakeFiles/lap_timer_client.dir/src/lap_time_action_cli.cpp.o[0m
[2.056s] [01m[K/home/rony/Documents/inmind/Session09/ros2_ws/src/session_09/src/lap_time_action_cli.cpp:[m[K In member function â€˜[01m[Kvoid LapTimeActionClient::send_goal()[m[Kâ€™:
[2.056s] [01m[K/home/rony/Documents/inmind/Session09/ros2_ws/src/session_09/src/lap_time_action_cli.cpp:34:16:[m[K [01;31m[Kerror: [m[Kusing-declaration may not name namespace â€˜[01m[Kstd::placeholders[m[Kâ€™
[2.056s]    34 |     using std::[01;31m[Kplaceholders[m[K;
[2.056s]       |                [01;31m[K^~~~~~~~~~~~[m[K
[2.059s] [01m[K/home/rony/Documents/inmind/Session09/ros2_ws/src/session_09/src/lap_time_action_cli.cpp:48:69:[m[K [01;31m[Kerror: [m[Kâ€˜[01m[K_1[m[Kâ€™ was not declared in this scope; did you mean â€˜[01m[Kstd::placeholders::_1[m[Kâ€™?
[2.059s]    48 |       std::bind(&LapTimeActionClient::goal_response_callback, this, [01;31m[K_1[m[K);
[2.059s]       |                                                                     [01;31m[K^~[m[K
[2.059s]       |                                                                     [32m[Kstd::placeholders::_1[m[K
[2.059s] In file included from [01m[K/usr/include/c++/11/pstl/glue_algorithm_defs.h:13[m[K,
[2.059s]                  from [01m[K/usr/include/c++/11/algorithm:74[m[K,
[2.059s]                  from [01m[K/opt/ros/humble/include/rclcpp/rclcpp/executor.hpp:18[m[K,
[2.059s]                  from [01m[K/opt/ros/humble/include/rclcpp/rclcpp/executors/multi_threaded_executor.hpp:25[m[K,
[2.059s]                  from [01m[K/opt/ros/humble/include/rclcpp/rclcpp/executors.hpp:21[m[K,
[2.060s]                  from [01m[K/opt/ros/humble/include/rclcpp/rclcpp/rclcpp.hpp:155[m[K,
[2.060s]                  from [01m[K/home/rony/Documents/inmind/Session09/ros2_ws/src/session_09/src/lap_time_action_cli.cpp:5[m[K:
[2.060s] [01m[K/usr/include/c++/11/functional:225:34:[m[K [01;36m[Knote: [m[Kâ€˜[01m[Kstd::placeholders::_1[m[Kâ€™ declared here
[2.060s]   225 |     extern const _Placeholder<1> [01;36m[K_1[m[K;
[2.060s]       |                                  [01;36m[K^~[m[K
[2.060s] [01m[K/home/rony/Documents/inmind/Session09/ros2_ws/src/session_09/src/lap_time_action_cli.cpp:50:68:[m[K [01;31m[Kerror: [m[Kâ€˜[01m[K_2[m[Kâ€™ was not declared in this scope; did you mean â€˜[01m[Kstd::placeholders::_2[m[Kâ€™?
[2.060s]    50 |       std::bind(&LapTimeActionClient::feedback_callback, this, _1, [01;31m[K_2[m[K);
[2.060s]       |                                                                    [01;31m[K^~[m[K
[2.060s]       |                                                                    [32m[Kstd::placeholders::_2[m[K
[2.060s] In file included from [01m[K/usr/include/c++/11/pstl/glue_algorithm_defs.h:13[m[K,
[2.060s]                  from [01m[K/usr/include/c++/11/algorithm:74[m[K,
[2.060s]                  from [01m[K/opt/ros/humble/include/rclcpp/rclcpp/executor.hpp:18[m[K,
[2.060s]                  from [01m[K/opt/ros/humble/include/rclcpp/rclcpp/executors/multi_threaded_executor.hpp:25[m[K,
[2.060s]                  from [01m[K/opt/ros/humble/include/rclcpp/rclcpp/executors.hpp:21[m[K,
[2.061s]                  from [01m[K/opt/ros/humble/include/rclcpp/rclcpp/rclcpp.hpp:155[m[K,
[2.061s]                  from [01m[K/home/rony/Documents/inmind/Session09/ros2_ws/src/session_09/src/lap_time_action_cli.cpp:5[m[K:
[2.061s] [01m[K/usr/include/c++/11/functional:226:34:[m[K [01;36m[Knote: [m[Kâ€˜[01m[Kstd::placeholders::_2[m[Kâ€™ declared here
[2.061s]   226 |     extern const _Placeholder<2> [01;36m[K_2[m[K;
[2.061s]       |                                  [01;36m[K^~[m[K
[2.061s] [01m[K/home/rony/Documents/inmind/Session09/ros2_ws/src/session_09/src/lap_time_action_cli.cpp:54:11:[m[K [01;31m[Kerror: [m[Kâ€˜[01m[Kclass LapTimeActionClient[m[Kâ€™ has no member named â€˜[01m[Kclient_ptr_[m[Kâ€™; did you mean â€˜[01m[Kclient_[m[Kâ€™?
[2.061s]    54 |     this->[01;31m[Kclient_ptr_[m[K->async_send_goal(goal_msg, send_goal_options);
[2.061s]       |           [01;31m[K^~~~~~~~~~~[m[K
[2.061s]       |           [32m[Kclient_[m[K
[2.567s] gmake[2]: *** [CMakeFiles/lap_timer_client.dir/build.make:76: CMakeFiles/lap_timer_client.dir/src/lap_time_action_cli.cpp.o] Error 1
[2.567s] gmake[1]: *** [CMakeFiles/Makefile2:193: CMakeFiles/lap_timer_client.dir/all] Error 2
[2.567s] gmake: *** [Makefile:146: all] Error 2
[2.568s] Invoked command in '/home/rony/Documents/inmind/Session09/ros2_ws/src/build/session_09' returned '2': CMAKE_PREFIX_PATH=${CMAKE_PREFIX_PATH}:/opt/ros/humble /usr/bin/cmake --build /home/rony/Documents/inmind/Session09/ros2_ws/src/build/session_09 -- -j8 -l8
