[0.007s] Invoking command in '/home/rony/Documents/inmind/Session09/ros2_ws/src/build/session_09': CMAKE_PREFIX_PATH=${CMAKE_PREFIX_PATH}:/opt/ros/humble /usr/bin/cmake --build /home/rony/Documents/inmind/Session09/ros2_ws/src/build/session_09 -- -j8 -l8
[0.029s] -- Found ament_cmake: 1.3.9 (/opt/ros/humble/share/ament_cmake/cmake)
[0.129s] -- Found rclcpp: 16.0.9 (/opt/ros/humble/share/rclcpp/cmake)
[0.152s] -- Found rosidl_generator_c: 3.1.5 (/opt/ros/humble/share/rosidl_generator_c/cmake)
[0.154s] -- Found rosidl_adapter: 3.1.5 (/opt/ros/humble/share/rosidl_adapter/cmake)
[0.158s] -- Found rosidl_generator_cpp: 3.1.5 (/opt/ros/humble/share/rosidl_generator_cpp/cmake)
[0.167s] -- Using all available rosidl_typesupport_c: rosidl_typesupport_fastrtps_c;rosidl_typesupport_introspection_c
[0.179s] -- Using all available rosidl_typesupport_cpp: rosidl_typesupport_fastrtps_cpp;rosidl_typesupport_introspection_cpp
[0.224s] -- Found rmw_implementation_cmake: 6.1.2 (/opt/ros/humble/share/rmw_implementation_cmake/cmake)
[0.225s] -- Found rmw_fastrtps_cpp: 6.2.6 (/opt/ros/humble/share/rmw_fastrtps_cpp/cmake)
[0.335s] -- Using RMW implementation 'rmw_fastrtps_cpp' as default
[0.464s] -- Found rclcpp_action: 16.0.9 (/opt/ros/humble/share/rclcpp_action/cmake)
[0.534s] -- Found nav_msgs: 4.2.4 (/opt/ros/humble/share/nav_msgs/cmake)
[0.633s] -- Found sensor_msgs: 4.2.4 (/opt/ros/humble/share/sensor_msgs/cmake)
[0.703s] -- Found turtle_controller_interfaces: 0.0.0 (/home/rony/Documents/inmind/Session09/ros2_ws/src/install/turtle_controller_interfaces/share/turtle_controller_interfaces/cmake)
[0.795s] -- Configuring done
[0.808s] -- Generating done
[0.809s] -- Build files have been written to: /home/rony/Documents/inmind/Session09/ros2_ws/src/build/session_09
[0.830s] [35m[1mConsolidate compiler generated dependencies of target driver[0m
[0.830s] [35m[1mConsolidate compiler generated dependencies of target lap_timer_server[0m
[0.840s] [ 16%] [32mBuilding CXX object CMakeFiles/lap_timer_client.dir/src/lap_time_action_cli.cpp.o[0m
[0.846s] [ 33%] [32mBuilding CXX object CMakeFiles/lap_timer_server.dir/src/lap_time_action_srv.cpp.o[0m
[0.848s] [ 66%] Built target driver
[2.894s] [01m[K/home/rony/Documents/inmind/Session09/ros2_ws/src/session_09/src/lap_time_action_cli.cpp:[m[K In constructor â€˜[01m[KLapTimeActionClient::LapTimeActionClient()[m[Kâ€™:
[2.894s] [01m[K/home/rony/Documents/inmind/Session09/ros2_ws/src/session_09/src/lap_time_action_cli.cpp:25:3:[m[K [01;31m[Kerror: [m[Kexpected â€˜[01m[K;[m[Kâ€™ before â€˜[01m[K}[m[Kâ€™ token
[2.894s]    25 |   [01;31m[K}[m[K
[2.894s]       |   [01;31m[K^[m[K
[2.905s] [01m[K/home/rony/Documents/inmind/Session09/ros2_ws/src/session_09/src/lap_time_action_cli.cpp:[m[K In member function â€˜[01m[Kvoid LapTimeActionClient::send_goal()[m[Kâ€™:
[2.905s] [01m[K/home/rony/Documents/inmind/Session09/ros2_ws/src/session_09/src/lap_time_action_cli.cpp:42:55:[m[K [01;31m[Kerror: [m[Kno matching function for call to â€˜[01m[Krclcpp_action::Client<turtle_controller_interfaces::action::MeasureLapTime>::async_send_goal(turtle_controller_interfaces::action::MeasureLapTime_Goal_<std::allocator<void> >&, std::_Bind_helper<false, void (LapTimeActionClient::*)(std::future<std::shared_ptr<rclcpp_action::ClientGoalHandle<turtle_controller_interfaces::action::MeasureLapTime> > >), LapTimeActionClient*, const std::_Placeholder<1>&>::type, std::_Bind_helper<false, void (LapTimeActionClient::*)(std::shared_ptr<rclcpp_action::ClientGoalHandle<turtle_controller_interfaces::action::MeasureLapTime> >, std::shared_ptr<const turtle_controller_interfaces::action::MeasureLapTime_Feedback_<std::allocator<void> > >), LapTimeActionClient*, const std::_Placeholder<1>&, const std::_Placeholder<2>&>::type, std::_Bind_helper<false, void (LapTimeActionClient::*)(const rclcpp_action::ClientGoalHandle<turtle_controller_interfaces::action::MeasureLapTime>::WrappedResult&), LapTimeActionClient*, const std::_Placeholder<1>&>::type)[m[Kâ€™
[2.905s]    42 |     auto goal_handle_future = [01;31m[Kclient_->async_send_goal([m[K
[2.905s]       |                               [01;31m[K~~~~~~~~~~~~~~~~~~~~~~~~^[m[K
[2.905s]    43 | [01;31m[K      goal_msg,[m[K
[2.905s]       |       [01;31m[K~~~~~~~~~[m[K                                        
[2.905s]    44 | [01;31m[K      std::bind(&LapTimeActionClient::goal_response_callback, this, std::placeholders::_1),[m[K
[2.905s]       |       [01;31m[K~~~~~~~~~~~~~~~~~~~~~~~~~~~~~~~~~~~~~~~~~~~~~~~~~~~~~~~~~~~~~~~~~~~~~~~~~~~~~~~~~~~~~[m[K
[2.905s]    45 | [01;31m[K      std::bind(&LapTimeActionClient::feedback_callback, this, std::placeholders::_1, std::placeholders::_2),[m[K
[2.905s]       |       [01;31m[K~~~~~~~~~~~~~~~~~~~~~~~~~~~~~~~~~~~~~~~~~~~~~~~~~~~~~~~~~~~~~~~~~~~~~~~~~~~~~~~~~~~~~~~~~~~~~~~~~~~~~~~[m[K
[2.905s]    46 | [01;31m[K      std::bind(&LapTimeActionClient::result_callback, this, std::placeholders::_1))[m[K;
[2.905s]       |       [01;31m[K~~~~~~~~~~~~~~~~~~~~~~~~~~~~~~~~~~~~~~~~~~~~~~~~~~~~~~~~~~~~~~~~~~~~~~~~~~~~~~[m[K
[2.905s] In file included from [01m[K/opt/ros/humble/include/rclcpp_action/rclcpp_action/rclcpp_action.hpp:36[m[K,
[2.905s]                  from [01m[K/home/rony/Documents/inmind/Session09/ros2_ws/src/session_09/src/lap_time_action_cli.cpp:6[m[K:
[2.905s] [01m[K/opt/ros/humble/include/rclcpp_action/rclcpp_action/client.hpp:422:3:[m[K [01;36m[Knote: [m[Kcandidate: â€˜[01m[Kstd::shared_future<typename rclcpp_action::ClientGoalHandle<ActionT>::SharedPtr> rclcpp_action::Client<ActionT>::async_send_goal(const Goal&, const rclcpp_action::Client<ActionT>::SendGoalOptions&) [with ActionT = turtle_controller_interfaces::action::MeasureLapTime; typename rclcpp_action::ClientGoalHandle<ActionT>::SharedPtr = std::shared_ptr<rclcpp_action::ClientGoalHandle<turtle_controller_interfaces::action::MeasureLapTime> >; rclcpp_action::Client<ActionT>::Goal = turtle_controller_interfaces::action::MeasureLapTime_Goal_<std::allocator<void> >][m[Kâ€™
[2.905s]   422 |   [01;36m[Kasync_send_goal[m[K(const Goal & goal, const SendGoalOptions & options = SendGoalOptions())
[2.905s]       |   [01;36m[K^~~~~~~~~~~~~~~[m[K
[2.905s] [01m[K/opt/ros/humble/include/rclcpp_action/rclcpp_action/client.hpp:422:3:[m[K [01;36m[Knote: [m[K  candidate expects 2 arguments, 4 provided
[2.911s] [01m[K/home/rony/Documents/inmind/Session09/ros2_ws/src/session_09/src/lap_time_action_cli.cpp:[m[K In member function â€˜[01m[Kvoid LapTimeActionClient::result_callback(const rclcpp_action::ClientGoalHandle<turtle_controller_interfaces::action::MeasureLapTime>::WrappedResult&)[m[Kâ€™:
[2.911s] [01m[K/home/rony/Documents/inmind/Session09/ros2_ws/src/session_09/src/lap_time_action_cli.cpp:69:12:[m[K [01;35m[Kwarning: [m[Kenumeration value â€˜[01m[KUNKNOWN[m[Kâ€™ not handled in switch [[01;35m[K]8;;https://gcc.gnu.org/onlinedocs/gcc/Warning-Options.html#index-Wswitch-Wswitch]8;;[m[K]
[2.911s]    69 |     switch [01;35m[K([m[Kresult.code) {
[2.911s]       |            [01;35m[K^[m[K
[3.000s] [01m[K/home/rony/Documents/inmind/Session09/ros2_ws/src/session_09/src/lap_time_action_srv.cpp:[m[K In member function â€˜[01m[Krclcpp_action::GoalResponse LapTimeActionServer::handle_goal(const GoalUUID&, std::shared_ptr<const turtle_controller_interfaces::action::MeasureLapTime_Goal_<std::allocator<void> > >)[m[Kâ€™:
[3.000s] [01m[K/home/rony/Documents/inmind/Session09/ros2_ws/src/session_09/src/lap_time_action_srv.cpp:50:49:[m[K [01;35m[Kwarning: [m[Kunused parameter â€˜[01m[Kgoal[m[Kâ€™ [[01;35m[K]8;;https://gcc.gnu.org/onlinedocs/gcc/Warning-Options.html#index-Wunused-parameter-Wunused-parameter]8;;[m[K]
[3.000s]    50 |     [01;35m[Kstd::shared_ptr<const MeasureLapTime::Goal> goal[m[K)
[3.000s]       |     [01;35m[K~~~~~~~~~~~~~~~~~~~~~~~~~~~~~~~~~~~~~~~~~~~~^~~~[m[K
[3.430s] gmake[2]: *** [CMakeFiles/lap_timer_client.dir/build.make:76: CMakeFiles/lap_timer_client.dir/src/lap_time_action_cli.cpp.o] Error 1
[3.430s] gmake[1]: *** [CMakeFiles/Makefile2:193: CMakeFiles/lap_timer_client.dir/all] Error 2
[3.430s] gmake[1]: *** Waiting for unfinished jobs....
[8.070s] [ 83%] [32m[1mLinking CXX executable lap_timer_server[0m
[8.514s] [ 83%] Built target lap_timer_server
[8.515s] gmake: *** [Makefile:146: all] Error 2
[8.516s] Invoked command in '/home/rony/Documents/inmind/Session09/ros2_ws/src/build/session_09' returned '2': CMAKE_PREFIX_PATH=${CMAKE_PREFIX_PATH}:/opt/ros/humble /usr/bin/cmake --build /home/rony/Documents/inmind/Session09/ros2_ws/src/build/session_09 -- -j8 -l8
