[01m[K/home/rony/Documents/inmind/Session09/ros2_ws/src/session_09/src/lap_time_action_cli.cpp:[m[K In constructor â€˜[01m[KLapTimeActionClient::LapTimeActionClient()[m[Kâ€™:
[01m[K/home/rony/Documents/inmind/Session09/ros2_ws/src/session_09/src/lap_time_action_cli.cpp:6:3:[m[K [01;31m[Kerror: [m[Kclass â€˜[01m[KLapTimeActionClient[m[Kâ€™ does not have any field named â€˜[01m[Klap_counter_[m[Kâ€™
    6 |   [01;31m[Klap_counter_[m[K(1)
      |   [01;31m[K^~~~~~~~~~~~[m[K
[01m[K/home/rony/Documents/inmind/Session09/ros2_ws/src/session_09/src/lap_time_action_cli.cpp:13:3:[m[K [01;31m[Kerror: [m[Kâ€˜[01m[Klog_file_[m[Kâ€™ was not declared in this scope
   13 |   [01;31m[Klog_file_[m[K.open("lap_results.txt", std::ios::out | std::ios::app);
      |   [01;31m[K^~~~~~~~~[m[K
[01m[K/home/rony/Documents/inmind/Session09/ros2_ws/src/session_09/src/lap_time_action_cli.cpp:[m[K At global scope:
[01m[K/home/rony/Documents/inmind/Session09/ros2_ws/src/session_09/src/lap_time_action_cli.cpp:24:43:[m[K [01;31m[Kerror: [m[Kdefinition of implicitly-declared â€˜[01m[Kvirtual LapTimeActionClient::~LapTimeActionClient()[m[Kâ€™
   24 | LapTimeActionClient::~LapTimeActionClient([01;31m[K)[m[K
      |                                           [01;31m[K^[m[K
[01m[K/home/rony/Documents/inmind/Session09/ros2_ws/src/session_09/src/lap_time_action_cli.cpp:[m[K In member function â€˜[01m[Kvoid LapTimeActionClient::result_callback(const rclcpp_action::ClientGoalHandle<turtle_controller_interfaces::action::MeasureLapTime>::WrappedResult&)[m[Kâ€™:
[01m[K/home/rony/Documents/inmind/Session09/ros2_ws/src/session_09/src/lap_time_action_cli.cpp:80:11:[m[K [01;31m[Kerror: [m[Kâ€˜[01m[Klog_file_[m[Kâ€™ was not declared in this scope
   80 |       if ([01;31m[Klog_file_[m[K.is_open()) {
      |           [01;31m[K^~~~~~~~~[m[K
[01m[K/home/rony/Documents/inmind/Session09/ros2_ws/src/session_09/src/lap_time_action_cli.cpp:81:32:[m[K [01;31m[Kerror: [m[Kâ€˜[01m[Klap_counter_[m[Kâ€™ was not declared in this scope
   81 |         log_file_ << "Lap " << [01;31m[Klap_counter_[m[K++ << ": " << result.result->total_time << " s\n";
      |                                [01;31m[K^~~~~~~~~~~~[m[K
gmake[2]: *** [CMakeFiles/lap_timer_client.dir/build.make:76: CMakeFiles/lap_timer_client.dir/src/lap_time_action_cli.cpp.o] Error 1
gmake[1]: *** [CMakeFiles/Makefile2:195: CMakeFiles/lap_timer_client.dir/all] Error 2
gmake: *** [Makefile:146: all] Error 2
