[35m[1mConsolidate compiler generated dependencies of target lap_timer_client[0m
[ 66%] Built target driver
[ 66%] Built target lap_timer_server
[ 83%] [32mBuilding CXX object CMakeFiles/lap_timer_client.dir/src/lap_time_action_cli.cpp.o[0m
[01m[K/home/rony/Documents/inmind/Session09/ros2_ws/src/session_09/src/lap_time_action_cli.cpp:97:2:[m[K [01;31m[Kerror: [m[Kexpected â€˜[01m[K}[m[Kâ€™ at end of input
   97 | }
      |  [01;31m[K^[m[K
[01m[K/home/rony/Documents/inmind/Session09/ros2_ws/src/session_09/src/lap_time_action_cli.cpp:14:1:[m[K [01;36m[Knote: [m[Kto match this â€˜[01m[K{[m[Kâ€™
   14 | [01;36m[K{[m[K
      | [01;36m[K^[m[K
[01m[K/home/rony/Documents/inmind/Session09/ros2_ws/src/session_09/src/lap_time_action_cli.cpp:[m[K In member function â€˜[01m[Kvoid LapTimeActionClient::send_goal()[m[Kâ€™:
[01m[K/home/rony/Documents/inmind/Session09/ros2_ws/src/session_09/src/lap_time_action_cli.cpp:46:61:[m[K [01;31m[Kerror: [m[Kâ€˜[01m[Kgoal_response_callback[m[Kâ€™ is not a member of â€˜[01m[KLapTimeActionClient[m[Kâ€™
   46 |     .goal_response_callback(std::bind(&LapTimeActionClient::[01;31m[Kgoal_response_callback[m[K, this, std::placeholders::_1))
      |                                                             [01;31m[K^~~~~~~~~~~~~~~~~~~~~~[m[K
[01m[K/home/rony/Documents/inmind/Session09/ros2_ws/src/session_09/src/lap_time_action_cli.cpp:47:56:[m[K [01;31m[Kerror: [m[Kâ€˜[01m[Kfeedback_callback[m[Kâ€™ is not a member of â€˜[01m[KLapTimeActionClient[m[Kâ€™
   47 |     .feedback_callback(std::bind(&LapTimeActionClient::[01;31m[Kfeedback_callback[m[K, this, std::placeholders::_1, std::placeholders::_2))
      |                                                        [01;31m[K^~~~~~~~~~~~~~~~~[m[K
[01m[K/home/rony/Documents/inmind/Session09/ros2_ws/src/session_09/src/lap_time_action_cli.cpp:48:54:[m[K [01;31m[Kerror: [m[Kâ€˜[01m[Kresult_callback[m[Kâ€™ is not a member of â€˜[01m[KLapTimeActionClient[m[Kâ€™
   48 |     .result_callback(std::bind(&LapTimeActionClient::[01;31m[Kresult_callback[m[K, this, std::placeholders::_1))
      |                                                      [01;31m[K^~~~~~~~~~~~~~~[m[K
[01m[K/home/rony/Documents/inmind/Session09/ros2_ws/src/session_09/src/lap_time_action_cli.cpp:52:3:[m[K [01;31m[Kerror: [m[Ka function-definition is not allowed here before â€˜[01m[K{[m[Kâ€™ token
   52 |   [01;31m[K{[m[K
      |   [01;31m[K^[m[K
[01m[K/home/rony/Documents/inmind/Session09/ros2_ws/src/session_09/src/lap_time_action_cli.cpp:65:3:[m[K [01;31m[Kerror: [m[Ka function-definition is not allowed here before â€˜[01m[K{[m[Kâ€™ token
   65 |   [01;31m[K{[m[K
      |   [01;31m[K^[m[K
[01m[K/home/rony/Documents/inmind/Session09/ros2_ws/src/session_09/src/lap_time_action_cli.cpp:70:3:[m[K [01;31m[Kerror: [m[Ka function-definition is not allowed here before â€˜[01m[K{[m[Kâ€™ token
   70 |   [01;31m[K{[m[K
      |   [01;31m[K^[m[K
[01m[K/home/rony/Documents/inmind/Session09/ros2_ws/src/session_09/src/lap_time_action_cli.cpp:[m[K At global scope:
[01m[K/home/rony/Documents/inmind/Session09/ros2_ws/src/session_09/src/lap_time_action_cli.cpp:97:2:[m[K [01;31m[Kerror: [m[Kexpected unqualified-id at end of input
   97 | }
      |  [01;31m[K^[m[K
gmake[2]: *** [CMakeFiles/lap_timer_client.dir/build.make:76: CMakeFiles/lap_timer_client.dir/src/lap_time_action_cli.cpp.o] Error 1
gmake[1]: *** [CMakeFiles/Makefile2:193: CMakeFiles/lap_timer_client.dir/all] Error 2
gmake: *** [Makefile:146: all] Error 2
