[0.010s] Invoking command in '/home/rony/Documents/inmind/Session09/ros2_ws/src/build/session_09': CMAKE_PREFIX_PATH=/home/rony/Documents/inmind/Session09/ros2_ws/src/install/turtle_controller_interfaces:/home/rony/Documents/inmind/Session09/ros2_ws/src/install/session_09:/opt/ros/humble /usr/bin/cmake --build /home/rony/Documents/inmind/Session09/ros2_ws/src/build/session_09 -- -j8 -l8
[0.050s] [35m[1mConsolidate compiler generated dependencies of target lap_timer_client[0m
[0.063s] [ 25%] Built target driver
[0.064s] [ 50%] Built target lap_timer_server
[0.065s] [ 75%] Built target wall_finder_service
[0.070s] [ 87%] [32mBuilding CXX object CMakeFiles/lap_timer_client.dir/src/lap_time_action_cli.cpp.o[0m
[2.099s] [01m[K/home/rony/Documents/inmind/Session09/ros2_ws/src/session_09/src/lap_time_action_cli.cpp:[m[K In constructor â€˜[01m[KLapTimeActionClient::LapTimeActionClient()[m[Kâ€™:
[2.099s] [01m[K/home/rony/Documents/inmind/Session09/ros2_ws/src/session_09/src/lap_time_action_cli.cpp:6:3:[m[K [01;31m[Kerror: [m[Kclass â€˜[01m[KLapTimeActionClient[m[Kâ€™ does not have any field named â€˜[01m[Klap_counter_[m[Kâ€™
[2.099s]     6 |   [01;31m[Klap_counter_[m[K(1)
[2.100s]       |   [01;31m[K^~~~~~~~~~~~[m[K
[2.105s] [01m[K/home/rony/Documents/inmind/Session09/ros2_ws/src/session_09/src/lap_time_action_cli.cpp:13:3:[m[K [01;31m[Kerror: [m[Kâ€˜[01m[Klog_file_[m[Kâ€™ was not declared in this scope
[2.105s]    13 |   [01;31m[Klog_file_[m[K.open("lap_results.txt", std::ios::out | std::ios::app);
[2.105s]       |   [01;31m[K^~~~~~~~~[m[K
[2.114s] [01m[K/home/rony/Documents/inmind/Session09/ros2_ws/src/session_09/src/lap_time_action_cli.cpp:[m[K At global scope:
[2.114s] [01m[K/home/rony/Documents/inmind/Session09/ros2_ws/src/session_09/src/lap_time_action_cli.cpp:24:43:[m[K [01;31m[Kerror: [m[Kdefinition of implicitly-declared â€˜[01m[Kvirtual LapTimeActionClient::~LapTimeActionClient()[m[Kâ€™
[2.114s]    24 | LapTimeActionClient::~LapTimeActionClient([01;31m[K)[m[K
[2.114s]       |                                           [01;31m[K^[m[K
[2.144s] [01m[K/home/rony/Documents/inmind/Session09/ros2_ws/src/session_09/src/lap_time_action_cli.cpp:[m[K In member function â€˜[01m[Kvoid LapTimeActionClient::result_callback(const rclcpp_action::ClientGoalHandle<turtle_controller_interfaces::action::MeasureLapTime>::WrappedResult&)[m[Kâ€™:
[2.144s] [01m[K/home/rony/Documents/inmind/Session09/ros2_ws/src/session_09/src/lap_time_action_cli.cpp:80:11:[m[K [01;31m[Kerror: [m[Kâ€˜[01m[Klog_file_[m[Kâ€™ was not declared in this scope
[2.144s]    80 |       if ([01;31m[Klog_file_[m[K.is_open()) {
[2.144s]       |           [01;31m[K^~~~~~~~~[m[K
[2.152s] [01m[K/home/rony/Documents/inmind/Session09/ros2_ws/src/session_09/src/lap_time_action_cli.cpp:81:32:[m[K [01;31m[Kerror: [m[Kâ€˜[01m[Klap_counter_[m[Kâ€™ was not declared in this scope
[2.152s]    81 |         log_file_ << "Lap " << [01;31m[Klap_counter_[m[K++ << ": " << result.result->total_time << " s\n";
[2.152s]       |                                [01;31m[K^~~~~~~~~~~~[m[K
[2.796s] gmake[2]: *** [CMakeFiles/lap_timer_client.dir/build.make:76: CMakeFiles/lap_timer_client.dir/src/lap_time_action_cli.cpp.o] Error 1
[2.797s] gmake[1]: *** [CMakeFiles/Makefile2:195: CMakeFiles/lap_timer_client.dir/all] Error 2
[2.797s] gmake: *** [Makefile:146: all] Error 2
[2.798s] Invoked command in '/home/rony/Documents/inmind/Session09/ros2_ws/src/build/session_09' returned '2': CMAKE_PREFIX_PATH=/home/rony/Documents/inmind/Session09/ros2_ws/src/install/turtle_controller_interfaces:/home/rony/Documents/inmind/Session09/ros2_ws/src/install/session_09:/opt/ros/humble /usr/bin/cmake --build /home/rony/Documents/inmind/Session09/ros2_ws/src/build/session_09 -- -j8 -l8
