[0.009s] Invoking command in '/home/rony/Documents/inmind/Session09/ros2_ws/src/build/session_09': CMAKE_PREFIX_PATH=${CMAKE_PREFIX_PATH}:/opt/ros/humble /usr/bin/cmake --build /home/rony/Documents/inmind/Session09/ros2_ws/src/build/session_09 -- -j8 -l8
[0.055s] [35m[1mConsolidate compiler generated dependencies of target lap_timer_server[0m
[0.070s] [ 50%] Built target driver
[0.073s] [ 75%] [32mBuilding CXX object CMakeFiles/lap_timer_server.dir/src/lap_time_action_srv.cpp.o[0m
[2.364s] [01m[K/home/rony/Documents/inmind/Session09/ros2_ws/src/session_09/src/lap_time_action_srv.cpp:[m[K In member function â€˜[01m[Krclcpp_action::GoalResponse LapTimeActionServer::handle_goal(const GoalUUID&, std::shared_ptr<const turtle_controller_interfaces::action::MeasureLapTime_Goal_<std::allocator<void> > >)[m[Kâ€™:
[2.364s] [01m[K/home/rony/Documents/inmind/Session09/ros2_ws/src/session_09/src/lap_time_action_srv.cpp:44:49:[m[K [01;35m[Kwarning: [m[Kunused parameter â€˜[01m[Kgoal[m[Kâ€™ [[01;35m[K]8;;https://gcc.gnu.org/onlinedocs/gcc/Warning-Options.html#index-Wunused-parameter-Wunused-parameter]8;;[m[K]
[2.364s]    44 |     [01;35m[Kstd::shared_ptr<const MeasureLapTime::Goal> goal[m[K)
[2.364s]       |     [01;35m[K~~~~~~~~~~~~~~~~~~~~~~~~~~~~~~~~~~~~~~~~~~~~^~~~[m[K
[2.366s] [01m[K/home/rony/Documents/inmind/Session09/ros2_ws/src/session_09/src/lap_time_action_srv.cpp:[m[K In member function â€˜[01m[Kvoid LapTimeActionServer::handle_accepted(std::shared_ptr<rclcpp_action::ServerGoalHandle<turtle_controller_interfaces::action::MeasureLapTime> >)[m[Kâ€™:
[2.366s] [01m[K/home/rony/Documents/inmind/Session09/ros2_ws/src/session_09/src/lap_time_action_srv.cpp:62:64:[m[K [01;31m[Kerror: [m[Kâ€˜[01m[K_1[m[Kâ€™ was not declared in this scope; did you mean â€˜[01m[Kstd::placeholders::_1[m[Kâ€™?
[2.366s]    62 |     std::thread{std::bind(&LapTimeActionServer::execute, this, [01;31m[K_1[m[K), goal_handle}.detach();
[2.366s]       |                                                                [01;31m[K^~[m[K
[2.366s]       |                                                                [32m[Kstd::placeholders::_1[m[K
[2.366s] In file included from [01m[K/home/rony/Documents/inmind/Session09/ros2_ws/src/session_09/src/lap_time_action_srv.cpp:2[m[K:
[2.366s] [01m[K/usr/include/c++/11/functional:225:34:[m[K [01;36m[Knote: [m[Kâ€˜[01m[Kstd::placeholders::_1[m[Kâ€™ declared here
[2.366s]   225 |     extern const _Placeholder<1> [01;36m[K_1[m[K;
[2.366s]       |                                  [01;36m[K^~[m[K
[2.366s] [01m[K/home/rony/Documents/inmind/Session09/ros2_ws/src/session_09/src/lap_time_action_srv.cpp:62:80:[m[K [01;31m[Kerror: [m[Kno matching function for call to â€˜[01m[Kstd::thread::thread(<brace-enclosed initializer list>)[m[Kâ€™
[2.366s]    62 |     std::thread{std::bind(&LapTimeActionServer::execute, this, _1), goal_handle[01;31m[K}[m[K.detach();
[2.366s]       |                                                                                [01;31m[K^[m[K
[2.367s] In file included from [01m[K/usr/include/c++/11/future:48[m[K,
[2.367s]                  from [01m[K/opt/ros/humble/include/rclcpp/rclcpp/executors.hpp:18[m[K,
[2.367s]                  from [01m[K/opt/ros/humble/include/rclcpp/rclcpp/rclcpp.hpp:155[m[K,
[2.367s]                  from [01m[K/home/rony/Documents/inmind/Session09/ros2_ws/src/session_09/src/lap_time_action_srv.cpp:5[m[K:
[2.367s] [01m[K/usr/include/c++/11/bits/std_thread.h:127:7:[m[K [01;36m[Knote: [m[Kcandidate: â€˜[01m[Ktemplate<class _Callable, class ... _Args, class> std::thread::thread(_Callable&&, _Args&& ...)[m[Kâ€™
[2.367s]   127 |       [01;36m[Kthread[m[K(_Callable&& __f, _Args&&... __args)
[2.367s]       |       [01;36m[K^~~~~~[m[K
[2.367s] [01m[K/usr/include/c++/11/bits/std_thread.h:127:7:[m[K [01;36m[Knote: [m[K  template argument deduction/substitution failed:
[2.367s] [01m[K/usr/include/c++/11/bits/std_thread.h:157:5:[m[K [01;36m[Knote: [m[Kcandidate: â€˜[01m[Kstd::thread::thread(std::thread&&)[m[Kâ€™
[2.367s]   157 |     [01;36m[Kthread[m[K(thread&& __t) noexcept
[2.367s]       |     [01;36m[K^~~~~~[m[K
[2.367s] [01m[K/usr/include/c++/11/bits/std_thread.h:157:5:[m[K [01;36m[Knote: [m[K  candidate expects 1 argument, 2 provided
[2.367s] [01m[K/usr/include/c++/11/bits/std_thread.h:121:5:[m[K [01;36m[Knote: [m[Kcandidate: â€˜[01m[Kstd::thread::thread()[m[Kâ€™
[2.368s]   121 |     [01;36m[Kthread[m[K() noexcept = default;
[2.368s]       |     [01;36m[K^~~~~~[m[K
[2.368s] [01m[K/usr/include/c++/11/bits/std_thread.h:121:5:[m[K [01;36m[Knote: [m[K  candidate expects 0 arguments, 2 provided
[4.697s] gmake[2]: *** [CMakeFiles/lap_timer_server.dir/build.make:76: CMakeFiles/lap_timer_server.dir/src/lap_time_action_srv.cpp.o] Error 1
[4.697s] gmake[1]: *** [CMakeFiles/Makefile2:165: CMakeFiles/lap_timer_server.dir/all] Error 2
[4.698s] gmake: *** [Makefile:146: all] Error 2
[4.699s] Invoked command in '/home/rony/Documents/inmind/Session09/ros2_ws/src/build/session_09' returned '2': CMAKE_PREFIX_PATH=${CMAKE_PREFIX_PATH}:/opt/ros/humble /usr/bin/cmake --build /home/rony/Documents/inmind/Session09/ros2_ws/src/build/session_09 -- -j8 -l8
