[01m[K/home/rony/Documents/inmind/Session09/ros2_ws/src/session_09/src/lap_time_action_srv.cpp:1:10:[m[K [01;31m[Kfatal error: [m[Klap_time_action_srv.hpp: No such file or directory
    1 | #include [01;31m[K"lap_time_action_srv.hpp"[m[K
      |          [01;31m[K^~~~~~~~~~~~~~~~~~~~~~~~~[m[K
compilation terminated.
gmake[2]: *** [CMakeFiles/lap_timer_server.dir/build.make:76: CMakeFiles/lap_timer_server.dir/src/lap_time_action_srv.cpp.o] Error 1
gmake[1]: *** [CMakeFiles/Makefile2:169: CMakeFiles/lap_timer_server.dir/all] Error 2
gmake[1]: *** Waiting for unfinished jobs....
gmake: *** [Makefile:146: all] Error 2
